生成启动时间为 2018/5/31 23:01:44。
     1>项目“F:\CPP\SAMS\SAMS\SAMS\SAMS.vcxproj”在节点 2 上(Build 个目标)。
     1>ClCompile:
         D:\Visual Studio\VC\bin\CL.exe /c /ZI /nologo /W3 /WX- /sdl /Od /Oy- /D _MBCS /Gm /EHsc /RTC1 /MDd /GS /fp:precise /Zc:wchar_t /Zc:forScope /Zc:inline /Fo"Debug\\" /Fd"Debug\vc140.pdb" /Gd /TP /analyze- /errorReport:prompt function.cpp
         function.cpp
     1>f:\cpp\sams\sams\sams\course.h : warning C4819: 该文件包含不能在当前代码页(936)中表示的字符。请将该文件保存为 Unicode 格式以防止数据丢失
     1>f:\cpp\sams\sams\sams\function.cpp(37): warning C4018: “<”: 有符号/无符号不匹配
     1>f:\cpp\sams\sams\sams\function.cpp(88): warning C4018: “<”: 有符号/无符号不匹配
     1>f:\cpp\sams\sams\sams\function.cpp(149): warning C4018: “<”: 有符号/无符号不匹配
     1>f:\cpp\sams\sams\sams\function.cpp(153): warning C4018: “<”: 有符号/无符号不匹配
       Link:
         D:\Visual Studio\VC\bin\link.exe /ERRORREPORT:PROMPT /OUT:"F:\CPP\SAMS\SAMS\Debug\SAMS.exe" /INCREMENTAL /NOLOGO kernel32.lib user32.lib gdi32.lib winspool.lib comdlg32.lib advapi32.lib shell32.lib ole32.lib oleaut32.lib uuid.lib odbc32.lib odbccp32.lib /MANIFEST /MANIFESTUAC:"level='asInvoker' uiAccess='false'" /manifest:embed /Debug /PDB:"F:\CPP\SAMS\SAMS\Debug\SAMS.pdb" /TLBID:1 /DYNAMICBASE /NXCOMPAT /IMPLIB:"F:\CPP\SAMS\SAMS\Debug\SAMS.lib" /MACHINE:X86 Debug\Class.obj
         Debug\Course.obj
         Debug\function.obj
         Debug\List.obj
         Debug\main.obj
         Debug\Student.obj
         Debug\Teacher.obj
         SAMS.vcxproj -> F:\CPP\SAMS\SAMS\Debug\SAMS.exe
     1>已完成生成项目“F:\CPP\SAMS\SAMS\SAMS\SAMS.vcxproj”(Build 个目标)的操作。

已成功生成。

已用时间 00:00:01.46
